# JRE version: OpenJDK Runtime Environment Temurin-21.0.10+7 (21.0.10+7) (build 21.0.10+7-LTS)
# Java VM: OpenJDK 64-Bit Server VM Temurin-21.0.10+7 (21.0.10+7-LTS, mixed mode, sharing, tiered, compressed oops, compressed class ptrs, parallel gc, windows-amd64)
GC Precious Log:
 CardTable entry size: 512
 CPUs: 4 total, 4 available
 Memory: 8097M
 Large Page Support: Disabled
 NUMA Support: Disabled
 Compressed Oops: Enabled (32-bit)
 Alignments: Space 512K, Generation 512K, Heap 2M
 Heap Min Capacity: 100M
 Heap Initial Capacity: 100M
 Heap Max Capacity: 512M
 Pre-touch: Disabled
 Parallel Workers: 4
Heap:
 PSYoungGen      total 21504K, used 18420K [0x00000000f5580000, 0x00000000f6c00000, 0x0000000100000000)
  eden space 20480K, 87% used [0x00000000f5580000,0x00000000f66fabb8,0x00000000f6980000)
  from space 1024K, 50% used [0x00000000f6b00000,0x00000000f6b826d8,0x00000000f6c00000)
  to   space 1024K, 0% used [0x00000000f6980000,0x00000000f6980000,0x00000000f6a80000)
 ParOldGen       total 68608K, used 28665K [0x00000000e0000000, 0x00000000e4300000, 0x00000000f5580000)
  object space 68608K, 41% used [0x00000000e0000000,0x00000000e1bfe5e0,0x00000000e4300000)
 Metaspace       used 37509K, committed 38528K, reserved 1114112K
  class space    used 3824K, committed 4288K, reserved 1048576K
GC Heap History (20 events):
Event: 12.062 GC heap before
{Heap before GC invocations=13 (full 1):
 PSYoungGen      total 24576K, used 24416K [0x00000000f5580000, 0x00000000f7180000, 0x0000000100000000)
  eden space 22016K, 100% used [0x00000000f5580000,0x00000000f6b00000,0x00000000f6b00000)
  from space 2560K, 93% used [0x00000000f6c00000,0x00000000f6e58010,0x00000000f6e80000)
  to   space 2560K, 0% used [0x00000000f6f00000,0x00000000f6f00000,0x00000000f7180000)
 ParOldGen       total 68608K, used 15510K [0x00000000e0000000, 0x00000000e4300000, 0x00000000f5580000)
  object space 68608K, 22% used [0x00000000e0000000,0x00000000e0f25bd0,0x00000000e4300000)
 Metaspace       used 32498K, committed 33536K, reserved 1114112K
  class space    used 3288K, committed 3712K, reserved 1048576K
}
Event: 12.068 GC heap after
{Heap after GC invocations=13 (full 1):
 PSYoungGen      total 23040K, used 2545K [0x00000000f5580000, 0x00000000f7600000, 0x0000000100000000)
  eden space 20480K, 0% used [0x00000000f5580000,0x00000000f5580000,0x00000000f6980000)
  from space 2560K, 99% used [0x00000000f6f00000,0x00000000f717c460,0x00000000f7180000)
  to   space 5632K, 0% used [0x00000000f6980000,0x00000000f6980000,0x00000000f6f00000)
 ParOldGen       total 68608K, used 17846K [0x00000000e0000000, 0x00000000e4300000, 0x00000000f5580000)
  object space 68608K, 26% used [0x00000000e0000000,0x00000000e116dbe0,0x00000000e4300000)
 Metaspace       used 32498K, committed 33536K, reserved 1114112K
  class space    used 3288K, committed 3712K, reserved 1048576K
}
Event: 12.256 GC heap before
{Heap before GC invocations=14 (full 1):
 PSYoungGen      total 23040K, used 23025K [0x00000000f5580000, 0x00000000f7600000, 0x0000000100000000)
  eden space 20480K, 100% used [0x00000000f5580000,0x00000000f6980000,0x00000000f6980000)
  from space 2560K, 99% used [0x00000000f6f00000,0x00000000f717c460,0x00000000f7180000)
  to   space 5632K, 0% used [0x00000000f6980000,0x00000000f6980000,0x00000000f6f00000)
 ParOldGen       total 68608K, used 17846K [0x00000000e0000000, 0x00000000e4300000, 0x00000000f5580000)
  object space 68608K, 26% used [0x00000000e0000000,0x00000000e116dbe0,0x00000000e4300000)
 Metaspace       used 32524K, committed 33536K, reserved 1114112K
  class space    used 3288K, committed 3712K, reserved 1048576K
}
Event: 12.264 GC heap after
{Heap after GC invocations=14 (full 1):
 PSYoungGen      total 23040K, used 2306K [0x00000000f5580000, 0x00000000f7080000, 0x0000000100000000)
  eden space 20480K, 0% used [0x00000000f5580000,0x00000000f5580000,0x00000000f6980000)
  from space 2560K, 90% used [0x00000000f6980000,0x00000000f6bc0800,0x00000000f6c00000)
  to   space 3584K, 0% used [0x00000000f6d00000,0x00000000f6d00000,0x00000000f7080000)
 ParOldGen       total 68608K, used 20301K [0x00000000e0000000, 0x00000000e4300000, 0x00000000f5580000)
  object space 68608K, 29% used [0x00000000e0000000,0x00000000e13d35e0,0x00000000e4300000)
 Metaspace       used 32524K, committed 33536K, reserved 1114112K
  class space    used 3288K, committed 3712K, reserved 1048576K
}
Event: 12.395 GC heap before
{Heap before GC invocations=15 (full 1):
 PSYoungGen      total 23040K, used 22786K [0x00000000f5580000, 0x00000000f7080000, 0x0000000100000000)
  eden space 20480K, 100% used [0x00000000f5580000,0x00000000f6980000,0x00000000f6980000)
  from space 2560K, 90% used [0x00000000f6980000,0x00000000f6bc0800,0x00000000f6c00000)
  to   space 3584K, 0% used [0x00000000f6d00000,0x00000000f6d00000,0x00000000f7080000)
 ParOldGen       total 68608K, used 20301K [0x00000000e0000000, 0x00000000e4300000, 0x00000000f5580000)
  object space 68608K, 29% used [0x00000000e0000000,0x00000000e13d35e0,0x00000000e4300000)
 Metaspace       used 32541K, committed 33536K, reserved 1114112K
  class space    used 3288K, committed 3712K, reserved 1048576K
}
Event: 12.405 GC heap after
{Heap after GC invocations=15 (full 1):
 PSYoungGen      total 23040K, used 2244K [0x00000000f5580000, 0x00000000f6f80000, 0x0000000100000000)
  eden space 20480K, 0% used [0x00000000f5580000,0x00000000f5580000,0x00000000f6980000)
  from space 2560K, 87% used [0x00000000f6d00000,0x00000000f6f31000,0x00000000f6f80000)
  to   space 2560K, 0% used [0x00000000f6980000,0x00000000f6980000,0x00000000f6c00000)
 ParOldGen       total 68608K, used 22427K [0x00000000e0000000, 0x00000000e4300000, 0x00000000f5580000)
  object space 68608K, 32% used [0x00000000e0000000,0x00000000e15e6f90,0x00000000e4300000)
 Metaspace       used 32541K, committed 33536K, reserved 1114112K
  class space    used 3288K, committed 3712K, reserved 1048576K
}
Event: 12.652 GC heap before
{Heap before GC invocations=16 (full 1):
 PSYoungGen      total 23040K, used 22724K [0x00000000f5580000, 0x00000000f6f80000, 0x0000000100000000)
  eden space 20480K, 100% used [0x00000000f5580000,0x00000000f6980000,0x00000000f6980000)
  from space 2560K, 87% used [0x00000000f6d00000,0x00000000f6f31000,0x00000000f6f80000)
  to   space 2560K, 0% used [0x00000000f6980000,0x00000000f6980000,0x00000000f6c00000)
 ParOldGen       total 68608K, used 22427K [0x00000000e0000000, 0x00000000e4300000, 0x00000000f5580000)
  object space 68608K, 32% used [0x00000000e0000000,0x00000000e15e6f90,0x00000000e4300000)
 Metaspace       used 32642K, committed 33600K, reserved 1114112K
  class space    used 3289K, committed 3712K, reserved 1048576K
}
Event: 12.658 GC heap after
{Heap after GC invocations=16 (full 1):
 PSYoungGen      total 23040K, used 2336K [0x00000000f5580000, 0x00000000f6e80000, 0x0000000100000000)
  eden space 20480K, 0% used [0x00000000f5580000,0x00000000f5580000,0x00000000f6980000)
  from space 2560K, 91% used [0x00000000f6980000,0x00000000f6bc8010,0x00000000f6c00000)
  to   space 2560K, 0% used [0x00000000f6c00000,0x00000000f6c00000,0x00000000f6e80000)
 ParOldGen       total 68608K, used 24625K [0x00000000e0000000, 0x00000000e4300000, 0x00000000f5580000)
  object space 68608K, 35% used [0x00000000e0000000,0x00000000e180c5b8,0x00000000e4300000)
 Metaspace       used 32642K, committed 33600K, reserved 1114112K
  class space    used 3289K, committed 3712K, reserved 1048576K
}
Event: 12.819 GC heap before
{Heap before GC invocations=17 (full 1):
 PSYoungGen      total 23040K, used 22816K [0x00000000f5580000, 0x00000000f6e80000, 0x0000000100000000)
  eden space 20480K, 100% used [0x00000000f5580000,0x00000000f6980000,0x00000000f6980000)
  from space 2560K, 91% used [0x00000000f6980000,0x00000000f6bc8010,0x00000000f6c00000)
  to   space 2560K, 0% used [0x00000000f6c00000,0x00000000f6c00000,0x00000000f6e80000)
 ParOldGen       total 68608K, used 24625K [0x00000000e0000000, 0x00000000e4300000, 0x00000000f5580000)
  object space 68608K, 35% used [0x00000000e0000000,0x00000000e180c5b8,0x00000000e4300000)
 Metaspace       used 32756K, committed 33792K, reserved 1114112K
  class space    used 3303K, committed 3712K, reserved 1048576K
}
Event: 12.828 GC heap after
{Heap after GC invocations=17 (full 1):
 PSYoungGen      total 23040K, used 2151K [0x00000000f5580000, 0x00000000f6e80000, 0x0000000100000000)
  eden space 20480K, 0% used [0x00000000f5580000,0x00000000f5580000,0x00000000f6980000)
  from space 2560K, 84% used [0x00000000f6c00000,0x00000000f6e19fc8,0x00000000f6e80000)
  to   space 2560K, 0% used [0x00000000f6980000,0x00000000f6980000,0x00000000f6c00000)
 ParOldGen       total 68608K, used 26905K [0x00000000e0000000, 0x00000000e4300000, 0x00000000f5580000)
  object space 68608K, 39% used [0x00000000e0000000,0x00000000e1a465c8,0x00000000e4300000)
 Metaspace       used 32756K, committed 33792K, reserved 1114112K
  class space    used 3303K, committed 3712K, reserved 1048576K
}
Event: 13.719 GC heap before
{Heap before GC invocations=18 (full 1):
 PSYoungGen      total 23040K, used 22631K [0x00000000f5580000, 0x00000000f6e80000, 0x0000000100000000)
  eden space 20480K, 100% used [0x00000000f5580000,0x00000000f6980000,0x00000000f6980000)
  from space 2560K, 84% used [0x00000000f6c00000,0x00000000f6e19fc8,0x00000000f6e80000)
  to   space 2560K, 0% used [0x00000000f6980000,0x00000000f6980000,0x00000000f6c00000)
 ParOldGen       total 68608K, used 26905K [0x00000000e0000000, 0x00000000e4300000, 0x00000000f5580000)
  object space 68608K, 39% used [0x00000000e0000000,0x00000000e1a465c8,0x00000000e4300000)
 Metaspace       used 34664K, committed 35712K, reserved 1114112K
  class space    used 3570K, committed 4032K, reserved 1048576K
}
Event: 13.724 GC heap after
{Heap after GC invocations=18 (full 1):
 PSYoungGen      total 21504K, used 664K [0x00000000f5580000, 0x00000000f6c80000, 0x0000000100000000)
  eden space 20480K, 0% used [0x00000000f5580000,0x00000000f5580000,0x00000000f6980000)
  from space 1024K, 64% used [0x00000000f6980000,0x00000000f6a262e8,0x00000000f6a80000)
  to   space 1536K, 0% used [0x00000000f6b00000,0x00000000f6b00000,0x00000000f6c80000)
 ParOldGen       total 68608K, used 28742K [0x00000000e0000000, 0x00000000e4300000, 0x00000000f5580000)
  object space 68608K, 41% used [0x00000000e0000000,0x00000000e1c11a58,0x00000000e4300000)
 Metaspace       used 34664K, committed 35712K, reserved 1114112K
  class space    used 3570K, committed 4032K, reserved 1048576K
}
Event: 13.830 GC heap before
{Heap before GC invocations=19 (full 1):
 PSYoungGen      total 21504K, used 3846K [0x00000000f5580000, 0x00000000f6c80000, 0x0000000100000000)
  eden space 20480K, 15% used [0x00000000f5580000,0x00000000f589b818,0x00000000f6980000)
  from space 1024K, 64% used [0x00000000f6980000,0x00000000f6a262e8,0x00000000f6a80000)
  to   space 1536K, 0% used [0x00000000f6b00000,0x00000000f6b00000,0x00000000f6c80000)
 ParOldGen       total 68608K, used 28742K [0x00000000e0000000, 0x00000000e4300000, 0x00000000f5580000)
  object space 68608K, 41% used [0x00000000e0000000,0x00000000e1c11a58,0x00000000e4300000)
 Metaspace       used 34803K, committed 35840K, reserved 1114112K
  class space    used 3584K, committed 4032K, reserved 1048576K
}
Event: 13.831 GC heap after
{Heap after GC invocations=19 (full 1):
 PSYoungGen      total 20992K, used 269K [0x00000000f5580000, 0x00000000f6b80000, 0x0000000100000000)
  eden space 20480K, 0% used [0x00000000f5580000,0x00000000f5580000,0x00000000f6980000)
  from space 512K, 52% used [0x00000000f6b00000,0x00000000f6b436f0,0x00000000f6b80000)
  to   space 1024K, 0% used [0x00000000f6980000,0x00000000f6980000,0x00000000f6a80000)
 ParOldGen       total 68608K, used 29377K [0x00000000e0000000, 0x00000000e4300000, 0x00000000f5580000)
  object space 68608K, 42% used [0x00000000e0000000,0x00000000e1cb04c8,0x00000000e4300000)
 Metaspace       used 34803K, committed 35840K, reserved 1114112K
  class space    used 3584K, committed 4032K, reserved 1048576K
}
Event: 13.831 GC heap before
{Heap before GC invocations=20 (full 2):
 PSYoungGen      total 20992K, used 269K [0x00000000f5580000, 0x00000000f6b80000, 0x0000000100000000)
  eden space 20480K, 0% used [0x00000000f5580000,0x00000000f5580000,0x00000000f6980000)
  from space 512K, 52% used [0x00000000f6b00000,0x00000000f6b436f0,0x00000000f6b80000)
  to   space 1024K, 0% used [0x00000000f6980000,0x00000000f6980000,0x00000000f6a80000)
 ParOldGen       total 68608K, used 29377K [0x00000000e0000000, 0x00000000e4300000, 0x00000000f5580000)
  object space 68608K, 42% used [0x00000000e0000000,0x00000000e1cb04c8,0x00000000e4300000)
 Metaspace       used 34803K, committed 35840K, reserved 1114112K
  class space    used 3584K, committed 4032K, reserved 1048576K
}
Event: 13.949 GC heap after
{Heap after GC invocations=20 (full 2):
 PSYoungGen      total 20992K, used 0K [0x00000000f5580000, 0x00000000f6b80000, 0x0000000100000000)
  eden space 20480K, 0% used [0x00000000f5580000,0x00000000f5580000,0x00000000f6980000)
  from space 512K, 0% used [0x00000000f6b00000,0x00000000f6b00000,0x00000000f6b80000)
  to   space 1024K, 0% used [0x00000000f6980000,0x00000000f6980000,0x00000000f6a80000)
 ParOldGen       total 68608K, used 27987K [0x00000000e0000000, 0x00000000e4300000, 0x00000000f5580000)
  object space 68608K, 40% used [0x00000000e0000000,0x00000000e1b54f90,0x00000000e4300000)
 Metaspace       used 34764K, committed 35840K, reserved 1114112K
  class space    used 3573K, committed 4032K, reserved 1048576K
}
Event: 14.604 GC heap before
{Heap before GC invocations=21 (full 2):
 PSYoungGen      total 20992K, used 20480K [0x00000000f5580000, 0x00000000f6b80000, 0x0000000100000000)
  eden space 20480K, 100% used [0x00000000f5580000,0x00000000f6980000,0x00000000f6980000)
  from space 512K, 0% used [0x00000000f6b00000,0x00000000f6b00000,0x00000000f6b80000)
  to   space 1024K, 0% used [0x00000000f6980000,0x00000000f6980000,0x00000000f6a80000)
 ParOldGen       total 68608K, used 27987K [0x00000000e0000000, 0x00000000e4300000, 0x00000000f5580000)
  object space 68608K, 40% used [0x00000000e0000000,0x00000000e1b54f90,0x00000000e4300000)
 Metaspace       used 36324K, committed 37312K, reserved 1114112K
  class space    used 3719K, committed 4160K, reserved 1048576K
}
Event: 14.607 GC heap after
{Heap after GC invocations=21 (full 2):
 PSYoungGen      total 21504K, used 996K [0x00000000f5580000, 0x00000000f6c80000, 0x0000000100000000)
  eden space 20480K, 0% used [0x00000000f5580000,0x00000000f5580000,0x00000000f6980000)
  from space 1024K, 97% used [0x00000000f6980000,0x00000000f6a793d0,0x00000000f6a80000)
  to   space 1536K, 0% used [0x00000000f6b00000,0x00000000f6b00000,0x00000000f6c80000)
 ParOldGen       total 68608K, used 28051K [0x00000000e0000000, 0x00000000e4300000, 0x00000000f5580000)
  object space 68608K, 40% used [0x00000000e0000000,0x00000000e1b64f90,0x00000000e4300000)
 Metaspace       used 36324K, committed 37312K, reserved 1114112K
  class space    used 3719K, committed 4160K, reserved 1048576K
}
Event: 15.268 GC heap before
{Heap before GC invocations=22 (full 2):
 PSYoungGen      total 21504K, used 21476K [0x00000000f5580000, 0x00000000f6c80000, 0x0000000100000000)
  eden space 20480K, 100% used [0x00000000f5580000,0x00000000f6980000,0x00000000f6980000)
  from space 1024K, 97% used [0x00000000f6980000,0x00000000f6a793d0,0x00000000f6a80000)
  to   space 1536K, 0% used [0x00000000f6b00000,0x00000000f6b00000,0x00000000f6c80000)
 ParOldGen       total 68608K, used 28051K [0x00000000e0000000, 0x00000000e4300000, 0x00000000f5580000)
  object space 68608K, 40% used [0x00000000e0000000,0x00000000e1b64f90,0x00000000e4300000)
 Metaspace       used 36350K, committed 37312K, reserved 1114112K
  class space    used 3719K, committed 4160K, reserved 1048576K
}
Event: 15.271 GC heap after
{Heap after GC invocations=22 (full 2):
 PSYoungGen      total 21504K, used 521K [0x00000000f5580000, 0x00000000f6c00000, 0x0000000100000000)
  eden space 20480K, 0% used [0x00000000f5580000,0x00000000f5580000,0x00000000f6980000)
  from space 1024K, 50% used [0x00000000f6b00000,0x00000000f6b826d8,0x00000000f6c00000)
  to   space 1024K, 0% used [0x00000000f6980000,0x00000000f6980000,0x00000000f6a80000)
 ParOldGen       total 68608K, used 28665K [0x00000000e0000000, 0x00000000e4300000, 0x00000000f5580000)
  object space 68608K, 41% used [0x00000000e0000000,0x00000000e1bfe5e0,0x00000000e4300000)
 Metaspace       used 36350K, committed 37312K, reserved 1114112K
  class space    used 3719K, committed 4160K, reserved 1048576K
}

